installed/build/outputs/mapping/minified/seeds.txt
android.support.v7.appcompat.R$color: int abc_background_cache_hint_selector_material_dark
android.support.v7.appcompat.R$color: int abc_background_cache_hint_selector_material_light
android.support.v7.appcompat.R$color: int abc_btn_colored_borderless_text_material
android.support.v7.appcompat.R$color: int abc_btn_colored_text_material
android.support.v7.appcompat.R$color: int abc_color_highlight_material
android.support.v7.appcompat.R$color: int abc_hint_foreground_material_dark
android.support.v7.appcompat.R$color: int abc_hint_foreground_material_light
android.support.v7.appcompat.R$color: int abc_input_method_navigation_guard
android.support.v7.appcompat.R$color: int abc_primary_text_disable_only_material_dark
android.support.v7.appcompat.R$color: int abc_primary_text_disable_only_material_light
android.support.v7.appcompat.R$color: int abc_primary_text_material_dark
android.support.v7.appcompat.R$color: int abc_primary_text_material_light
android.support.v7.appcompat.R$color: int abc_search_url_text
android.support.v7.appcompat.R$color: int abc_search_url_text_normal
android.support.v7.appcompat.R$color: int abc_search_url_text_pressed
android.support.v7.appcompat.R$color: int abc_search_url_text_selected
android.support.v7.appcompat.R$color: int abc_secondary_text_material_dark
android.support.v7.appcompat.R$color: int abc_secondary_text_material_light
android.support.v7.appcompat.R$color: int abc_tint_btn_checkable
android.support.v7.appcompat.R$dimen: int abc_action_bar_content_inset_material
android.support.v7.appcompat.R$dimen: int abc_action_bar_content_inset_with_nav
android.support.v7.appcompat.R$dimen: int abc_action_bar_default_height_material
android.support.v7.appcompat.R$dimen: int abc_action_bar_default_padding_end_material
android.support.v7.appcompat.R$dimen: int abc_action_bar_default_padding_start_material
android.support.v7.appcompat.R$dimen: int abc_action_bar_elevation_material
android.support.v7.appcompat.R$dimen: int abc_action_bar_icon_vertical_padding_material
android.support.v7.appcompat.R$dimen: int abc_action_bar_overflow_padding_end_material
android.support.v7.appcompat.R$dimen: int abc_action_bar_overflow_padding_start_material
android.support.v7.appcompat.R$dimen: int abc_action_bar_progress_bar_size
android.support.v7.appcompat.R$dimen: int abc_action_bar_stacked_max_height
android.support.v7.appcompat.R$dimen: int abc_action_bar_stacked_tab_max_width
android.support.v7.appcompat.R$dimen: int abc_action_bar_subtitle_bottom_margin_material
android.support.v7.appcompat.R$dimen: int abc_action_bar_subtitle_top_margin_material
android.support.v7.appcompat.R$dimen: int abc_action_button_min_height_material
android.support.v7.appcompat.R$dimen: int abc_action_button_min_width_material
android.support.v7.appcompat.R$dimen: int abc_action_button_min_width_overflow_material
android.support.v7.appcompat.R$dimen: int abc_alert_dialog_button_bar_height