installed/build/outputs/mapping/minified/mapping.txt
android.support.v4.view.NestedScrollingChildHelper -> android.support.v4.h.j:
    android.view.ViewParent mNestedScrollingParentTouch -> a
    android.view.ViewParent mNestedScrollingParentNonTouch -> b
    android.view.View mView -> c
    boolean mIsNestedScrollingEnabled -> d
    int[] mTempNestedScrollConsumed -> e
    void <init>(android.view.View) -> <init>
    void setNestedScrollingEnabled(boolean) -> a
    boolean isNestedScrollingEnabled() -> a
    boolean hasNestedScrollingParent() -> b
    boolean hasNestedScrollingParent(int) -> a
    boolean startNestedScroll(int) -> b
    boolean startNestedScroll(int,int) -> a
    void stopNestedScroll() -> c
    void stopNestedScroll(int) -> c
    boolean dispatchNestedScroll(int,int,int,int,int[]) -> a
    boolean dispatchNestedScroll(int,int,int,int,int[],int) -> a
    boolean dispatchNestedPreScroll(int,int,int[],int[]) -> a
    boolean dispatchNestedPreScroll(int,int,int[],int[],int) -> a
    boolean dispatchNestedFling(float,float,boolean) -> a
    boolean dispatchNestedPreFling(float,float) -> a
    android.view.ViewParent getNestedScrollingParentForType(int) -> d
    void setNestedScrollingParentForType(int,android.view.ViewParent) -> a
android.support.v4.view.NestedScrollingParent -> android.support.v4.h.k:
    boolean onStartNestedScroll(android.view.View,android.view.View,int) -> onStartNestedScroll
    void onNestedScrollAccepted(android.view.View,android.view.View,int) -> onNestedScrollAccepted
    void onStopNestedScroll(android.view.View) -> onStopNestedScroll
    void onNestedScroll(android.view.View,int,int,int,int) -> onNestedScroll
    void onNestedPreScroll(android.view.View,int,int,int[]) -> onNestedPreScroll
    boolean onNestedFling(android.view.View,float,float,boolean) -> onNestedFling
    boolean onNestedPreFling(android.view.View,float,float) -> onNestedPreFling
android.support.v4.view.NestedScrollingParent2 -> android.support.v4.h.l:
    boolean onStartNestedScroll(android.view.View,android.view.View,int,int) -> a
    void onNestedScrollAccepted(android.view.View,android.view.View,int,int) -> b
    void onStopNestedScroll(android.view.View,int) -> a
    void onNestedScroll(android.view.View,int,int,int,int,int) -> a
    void onNestedPreScroll(android.view.View,int,int,int[],int) -> a
android.support.v4.view.NestedScrollingParentHelper -> android.support.v4.h.m:
    android.view.ViewGroup mViewGroup -> a
    int mNestedScrollAxes -> b
    void <init>(android.view.ViewGroup) -> <init>
    void onNestedScrollAccepted(android.view.View,android.view.View,int) -> a
    void onNestedScrollAccepted(android.view.View,android.view.View,int,int) -> a
    int getNestedScrollAxes() -> a
    void onStopNestedScroll(android.view.View) -> a
    void onStopNestedScroll(android.view.View,int) -> a
android.support.v4.view.OnApplyWindowInsetsListener -> android.support.v4.h.n:
    android.support.v4.view.WindowInsetsCompat onApplyWindowInsets(android.view.View,android.support.v4.view.WindowInsetsCompat) -> a
android.support.v4.view.TintableBackgroundView -> android.support.v4.h.o:
    void setSupportBackgroundTintList(android.content.res.ColorStateList) -> setSupportBackgroundTintList
    android.content.res.ColorStateList getSupportBackgroundTintList() -> getSupportBackgroundTintList
    void setSupportBackgroundTintMode(android.graphics.PorterDuff$Mode) -> setSupportBackgroundTintMode
    android.graphics.PorterDuff$Mode getSupportBackgroundTintMode() -> getSupportBackgroundTintMode