installed/build/outputs/mapping/minified/usage.txt
android.arch.core.internal.FastSafeIterableMap:
    41:41:protected android.arch.core.internal.SafeIterableMap$Entry get(java.lang.Object)
    46:51:public java.lang.Object putIfAbsent(java.lang.Object,java.lang.Object)
    56:58:public java.lang.Object remove(java.lang.Object)
    75:78:public java.util.Map$Entry ceil(java.lang.Object)
android.arch.core.internal.SafeIterableMap:
    45:52:protected android.arch.core.internal.SafeIterableMap$Entry get(java.lang.Object)
    65:70:public java.lang.Object putIfAbsent(java.lang.Object,java.lang.Object)
    74:85:protected android.arch.core.internal.SafeIterableMap$Entry put(java.lang.Object,java.lang.Object)
    97:122:public java.lang.Object remove(java.lang.Object)
android.arch.core.internal.SafeIterableMap$AscendingIterator:
    280:280:android.arch.core.internal.SafeIterableMap$Entry backward(android.arch.core.internal.SafeIterableMap$Entry)
android.arch.core.internal.SafeIterableMap$DescendingIterator:
    297:297:android.arch.core.internal.SafeIterableMap$Entry backward(android.arch.core.internal.SafeIterableMap$Entry)
android.arch.core.internal.SafeIterableMap$Entry:
    345:348:SafeIterableMap$Entry(java.lang.Object,java.lang.Object)
android.arch.core.internal.SafeIterableMap$IteratorWithAdditions:
    307:311:public void supportRemove(android.arch.core.internal.SafeIterableMap$Entry)
android.arch.core.internal.SafeIterableMap$ListIterator:
    235:247:public void supportRemove(android.arch.core.internal.SafeIterableMap$Entry)
    abstract android.arch.core.internal.SafeIterableMap$Entry backward(android.arch.core.internal.SafeIterableMap$Entry)
android.arch.core.internal.SafeIterableMap$SupportRemove
android.arch.lifecycle.BuildConfig
android.arch.lifecycle.Lifecycle:
    public abstract void addObserver(android.arch.lifecycle.LifecycleObserver)
    public abstract void removeObserver(android.arch.lifecycle.LifecycleObserver)
    public abstract android.arch.lifecycle.Lifecycle$State getCurrentState()
android.arch.lifecycle.Lifecycle$State:
    193:193:public boolean isAtLeast(android.arch.lifecycle.Lifecycle$State)
android.arch.lifecycle.LifecycleObserver
android.arch.lifecycle.LifecycleRegistry:
    134:139:private android.arch.lifecycle.Lifecycle$State calculateTargetState(android.arch.lifecycle.LifecycleObserver)
    144:170:public void addObserver(android.arch.lifecycle.LifecycleObserver)
    194:195:public void removeObserver(android.arch.lifecycle.LifecycleObserver)
    204:204:public int getObserverCount()
    209:209:public android.arch.lifecycle.Lifecycle$State getCurrentState()
android.arch.lifecycle.LifecycleRegistry$ObserverWithState:
    318:321:LifecycleRegistry$ObserverWithState(android.arch.lifecycle.LifecycleObserver,android.arch.lifecycle.Lifecycle$State)
android.arch.lifecycle.Lifecycling
android.arch.lifecycle.R
android.arch.lifecycle.ReflectiveGenericLifecycleObserver:
    private static final int CALL_TYPE_NO_ARG
    private static final int CALL_TYPE_PROVIDER
    private static final int CALL_TYPE_PROVIDER_WITH_EVENT
android.arch.lifecycle.ReportFragment:
    private static final java.lang.String REPORT_FRAGMENT_TAG
    47:47:static android.arch.lifecycle.ReportFragment get(android.app.Activity)
    128:129:void setProcessListener(android.arch.lifecycle.ReportFragment$ActivityInitializationListener)
android.support.annotation.AnimRes
android.support.annotation.AnimatorRes
android.support.annotation.AnyRes
android.support.annotation.AnyThread
android.support.annotation.ArrayRes
android.support.annotation.AttrRes
android.support.annotation.BinderThread
android.support.annotation.BoolRes
android.support.annotation.CallSuper
android.support.annotation.CheckResult
android.support.annotation.ColorInt
android.support.annotation.ColorLong
android.support.annotation.ColorRes
android.support.annotation.DimenRes
android.support.annotation.Dimension
android.support.annotation.DrawableRes
android.support.annotation.FloatRange
android.support.annotation.FontRes